#
# A fatal error has been detected by the Java Runtime Environment:
#
#  EXCEPTION_ACCESS_VIOLATION (0xc0000005) at pc=0x00007ff85c64674a, pid=18380, tid=12224
#
# JRE version: OpenJDK Runtime Environment (15.0.1+9) (build 15.0.1+9-18)
# Java VM: OpenJDK 64-Bit Server VM (15.0.1+9-18, mixed mode, sharing, tiered, compressed oops, g1 gc, windows-amd64)
# Problematic frame:
# V  [jvm.dll+0x6f674a]
#
# No core dump will be written. Minidumps are not enabled by default on client versions of Windows
#
# If you would like to submit a bug report, please visit:
#   https://bugreport.java.com/bugreport/crash.jsp
#

---------------  S U M M A R Y ------------

Command Line: -Djava.library.path=C:\Users\Alex Andreba\IdeaProjects\JML\lib\Win;C:\Users\Alex Andreba\IdeaProjects\JML\lib\OSX -javaagent:C:\Program Files\JetBrains\IntelliJ IDEA Community Edition 2020.2.3\lib\idea_rt.jar=62670:C:\Program Files\JetBrains\IntelliJ IDEA Community Edition 2020.2.3\bin -Dfile.encoding=UTF-8 Testing.OpenCL

Host: Intel(R) Core(TM) i7-8700 CPU @ 3.20GHz, 12 cores, 15G,  Windows 10 , 64 bit Build 19041 (10.0.19041.928)
Time: Wed May 26 15:23:14 2021 Hora de verano romance elapsed time: 0.329062 seconds (0d 0h 0m 0s)

---------------  T H R E A D  ---------------

Current thread (0x000002380d818410):  JavaThread "main" [_thread_in_vm, id=12224, stack(0x0000009cef100000,0x0000009cef200000)]

Stack: [0x0000009cef100000,0x0000009cef200000],  sp=0x0000009cef1ff010,  free space=1020k
Native frames: (J=compiled Java code, j=interpreted, Vv=VM code, C=native code)
V  [jvm.dll+0x6f674a]
V  [jvm.dll+0x6f6849]
V  [jvm.dll+0x5030b3]
V  [jvm.dll+0x349dbe]
C  0x0000023815a4d959

Java frames: (J=compiled Java code, j=interpreted, Vv=VM code)
j  GPGPU.OpenCL.Buffer.DoubleBuffer.toArray()[D+51
j  GPGPU.OpenCL.Buffer.DoubleBuffer.<init>(LGPGPU/OpenCL/CommandQueue;I)V+13
j  GPGPU.OpenCL.Buffer.DoubleBuffer.<init>(LGPGPU/OpenCL/Context;I)V+10
j  Vector.Double.VecCLd.<init>(LGPGPU/OpenCL/Context;I)V+3
j  Matrix.Double.MatCLd.<init>(LGPGPU/OpenCL/Context;II)V+13
j  Matrix.Double.MatCLd.<init>(LGPGPU/OpenCL/Context;LReferences/Double/Ref2D;)V+14
j  Matrix.Double.Matd.toCL(LGPGPU/OpenCL/Context;)LMatrix/Double/MatCL;+6
j  Matrix.Double.Matd.toCL()LMatrix/Double/MatCL;+4
j  Testing.OpenCL.main([Ljava/lang/String;)V+79
v  ~StubRoutines::call_stub

siginfo: EXCEPTION_ACCESS_VIOLATION (0xc0000005), reading address 0x000000e2ff410004


Register to memory mapping:

RIP=0x00007ff85c64674a jvm.dll
RAX=0x0 is NULL
RBX=0x00007ff85c832db0 jvm.dll
RCX=0x000000e2ff410000 is an unknown value
RDX=0x00007ff85c832db0 jvm.dll
RSP=0x0000009cef1ff010 is pointing into the stack for thread: 0x000002380d818410
RBP=0x000002380d818cc8 points into unknown readable memory: 0x080322fc231428ce | ce 28 14 23 fc 22 03 08
RSI=0x000002380b601140 points into unknown readable memory: 0x0000023800000002 | 02 00 00 00 38 02 00 00
RDI=0x0000000800000000 is pointing into metadata
R8 =0x0000000710d821e8 points into unknown readable memory: 0x0000000000000000 | 00 00 00 00 00 00 00 00
R9 =0x00007ff8be12186c VCRUNTIME140.dll
R10=0x00007ff85c299d50 jvm.dll
R11=0x0000009cef1fefd0 is pointing into the stack for thread: 0x000002380d818410
R12=0x00000000000003d8 is an unknown value
R13=0x000002380d8188f0 points into unknown readable memory: 0x6c636f6a2f67726f | 6f 72 67 2f 6a 6f 63 6c
R14=0x000002380d8188e0 points into unknown readable memory: 0x0000000000000000 | 00 00 00 00 00 00 00 00
R15=0x000002380d818410 is a thread


Registers:
RAX=0x0000000000000000, RBX=0x00007ff85c832db0, RCX=0x000000e2ff410000, RDX=0x00007ff85c832db0
RSP=0x0000009cef1ff010, RBP=0x000002380d818cc8, RSI=0x000002380b601140, RDI=0x0000000800000000
R8 =0x0000000710d821e8, R9 =0x00007ff8be12186c, R10=0x00007ff85c299d50, R11=0x0000009cef1fefd0
R12=0x00000000000003d8, R13=0x000002380d8188f0, R14=0x000002380d8188e0, R15=0x000002380d818410
RIP=0x00007ff85c64674a, EFLAGS=0x0000000000010202

Top of Stack: (sp=0x0000009cef1ff010)
0x0000009cef1ff010:   0000009cef1ff070 000002380d818410
0x0000009cef1ff020:   0000009cef1ff050 000002380d810000
0x0000009cef1ff030:   0000000800000000 00007ff85c646849
0x0000009cef1ff040:   00007ff85c832db0 00007ff85c134995
0x0000009cef1ff050:   0000000710d82390 000002380d818410
0x0000009cef1ff060:   0000000000000003 00007ff85c4530b3
0x0000009cef1ff070:   00007ff85c7c2600 000002380d818410
0x0000009cef1ff080:   0000000800bbfbb0 0000000000000003
0x0000009cef1ff090:   0000020100000001 0000000000000000
0x0000009cef1ff0a0:   0000000000000001 0000fba36e012885
0x0000009cef1ff0b0:   000002380d818410 00007ff85c299dbe
0x0000009cef1ff0c0:   0000000000000001 0000000000000003
0x0000009cef1ff0d0:   0000023831848b01 000002380d818410
0x0000009cef1ff0e0:   0000009cef1ff1c0 00007ff85c2998e5
0x0000009cef1ff0f0:   000002380d818410 0000009cef1ff1c0
0x0000009cef1ff100:   0000023831848bcb 0000000000000000 

Instructions: (pc=0x00007ff85c64674a)
0x00007ff85c64664a:   48 63 c8 41 8d 50 0a e9 6a 84 99 ff cc cc cc cc
0x00007ff85c64665a:   cc cc cc cc cc cc 48 89 5c 24 08 57 48 83 ec 20
0x00007ff85c64666a:   83 fa 02 8d 42 06 b9 08 00 00 00 49 8b d8 0f 4e
0x00007ff85c64667a:   c1 48 63 c8 48 83 c1 07 83 e1 f8 48 63 f9 49 8b
0x00007ff85c64668a:   48 18 48 8b c7 48 f7 d0 48 3b c1 73 16 4c 8d 05
0x00007ff85c64669a:   92 09 15 00 48 8b d7 48 8b cb e8 a7 22 9a ff 48
0x00007ff85c6466aa:   8b 4b 18 48 8d 04 39 48 3b 43 20 76 18 45 33 c0
0x00007ff85c6466ba:   48 8b d7 48 8b cb 48 8b 5c 24 30 48 83 c4 20 5f
0x00007ff85c6466ca:   e9 d1 1e 9a ff 48 89 43 18 48 8b c1 48 8b 5c 24
0x00007ff85c6466da:   30 48 83 c4 20 5f c3 cc cc cc cc cc cc cc cc cc
0x00007ff85c6466ea:   cc cc cc cc cc cc 4c 8b d2 4c 8b d9 45 85 c0 7e
0x00007ff85c6466fa:   3c 44 0f b7 49 04 41 8d 40 ff 41 3b c1 44 0f 4c
0x00007ff85c64670a:   c8 4d 63 c1 45 85 c9 7e 1f 48 8b c2 4c 2b da 49
0x00007ff85c64671a:   8b d0 0f 1f 40 00 41 0f b6 4c 03 06 88 08 48 8d
0x00007ff85c64672a:   40 01 48 83 ea 01 75 ee 43 c6 04 10 00 49 8b c2
0x00007ff85c64673a:   c3 cc cc cc cc cc 48 89 5c 24 08 57 48 83 ec 20
0x00007ff85c64674a:   0f b7 59 04 48 8b f9 33 d2 48 8d 4b 01 e8 44 c0
0x00007ff85c64675a:   f8 ff 0f b7 57 04 4c 8b c0 3b da 0f 42 d3 44 8b
0x00007ff85c64676a:   ca 85 d2 74 39 48 2b f8 0f 1f 40 00 66 66 0f 1f
0x00007ff85c64677a:   84 00 00 00 00 00 0f b6 4c 07 06 88 08 48 ff c0
0x00007ff85c64678a:   48 8b c8 49 2b c8 49 3b c9 7c eb 42 c6 04 02 00
0x00007ff85c64679a:   49 8b c0 48 8b 5c 24 30 48 83 c4 20 5f c3 48 8b
0x00007ff85c6467aa:   5c 24 30 c6 04 02 00 48 83 c4 20 5f c3 cc cc cc
0x00007ff85c6467ba:   cc cc cc cc cc cc 4c 8b d1 45 85 c0 7e 6c 44 0f
0x00007ff85c6467ca:   b7 49 04 41 8d 40 ff 41 3b c1 44 0f 4c c8 4d 63
0x00007ff85c6467da:   d9 45 85 c9 7e 22 48 8b ca 4c 2b d2 4d 8b c3 0f
0x00007ff85c6467ea:   1f 80 00 00 00 00 41 0f b6 44 0a 06 88 01 48 8d
0x00007ff85c6467fa:   49 01 49 83 e8 01 75 ee 41 c6 04 13 00 48 c7 c0
0x00007ff85c64680a:   ff ff ff ff 66 90 48 ff c0 80 3c 02 00 75 f7 48
0x00007ff85c64681a:   63 c8 85 c0 48 8b c2 7e 14 80 38 2f 75 03 c6 00
0x00007ff85c64682a:   2e 48 ff c0 48 83 e9 01 75 ef 48 8b c2 c3 cc cc
0x00007ff85c64683a:   cc cc cc cc cc cc 48 83 ec 28 e8 f7 fe ff ff 4c 


Stack slot to memory mapping:
stack at sp + 0 slots: 0x0000009cef1ff070 is pointing into the stack for thread: 0x000002380d818410
stack at sp + 1 slots: 0x000002380d818410 is a thread
stack at sp + 2 slots: 0x0000009cef1ff050 is pointing into the stack for thread: 0x000002380d818410
stack at sp + 3 slots: 0x000002380d810000 points into unknown readable memory: 0x0000000000000000 | 00 00 00 00 00 00 00 00
stack at sp + 4 slots: 0x0000000800000000 is pointing into metadata
stack at sp + 5 slots: 0x00007ff85c646849 jvm.dll
stack at sp + 6 slots: 0x00007ff85c832db0 jvm.dll
stack at sp + 7 slots: 0x00007ff85c134995 jvm.dll


---------------  P R O C E S S  ---------------

Threads class SMR info:
_java_thread_list=0x0000023831d47df0, length=12, elements={
0x000002380d818410, 0x00000238313ce580, 0x0000023831bd2380, 0x0000023831be95f0,
0x0000023831bed0c0, 0x0000023831beff90, 0x0000023831bf4320, 0x0000023831bf4ec0,
0x0000023831c6c3f0, 0x0000023831d03d90, 0x0000023831e27ec0, 0x0000023831e28790
}

Java Threads: ( => current thread )
=>0x000002380d818410 JavaThread "main" [_thread_in_vm, id=12224, stack(0x0000009cef100000,0x0000009cef200000)]
  0x00000238313ce580 JavaThread "Reference Handler" daemon [_thread_blocked, id=22092, stack(0x0000009cef800000,0x0000009cef900000)]
  0x0000023831bd2380 JavaThread "Finalizer" daemon [_thread_blocked, id=21404, stack(0x0000009cef900000,0x0000009cefa00000)]
  0x0000023831be95f0 JavaThread "Signal Dispatcher" daemon [_thread_blocked, id=1156, stack(0x0000009cefa00000,0x0000009cefb00000)]
  0x0000023831bed0c0 JavaThread "Attach Listener" daemon [_thread_blocked, id=22992, stack(0x0000009cefb00000,0x0000009cefc00000)]
  0x0000023831beff90 JavaThread "Service Thread" daemon [_thread_blocked, id=9168, stack(0x0000009cefc00000,0x0000009cefd00000)]
  0x0000023831bf4320 JavaThread "C2 CompilerThread0" daemon [_thread_blocked, id=12004, stack(0x0000009cefd00000,0x0000009cefe00000)]
  0x0000023831bf4ec0 JavaThread "C1 CompilerThread0" daemon [_thread_blocked, id=9916, stack(0x0000009cefe00000,0x0000009ceff00000)]
  0x0000023831c6c3f0 JavaThread "Sweeper thread" daemon [_thread_blocked, id=17932, stack(0x0000009ceff00000,0x0000009cf0000000)]
  0x0000023831d03d90 JavaThread "Common-Cleaner" daemon [_thread_blocked, id=22548, stack(0x0000009cf0000000,0x0000009cf0100000)]
  0x0000023831e27ec0 JavaThread "Monitor Ctrl-Break" daemon [_thread_in_native, id=15712, stack(0x0000009cf0100000,0x0000009cf0200000)]
  0x0000023831e28790 JavaThread "Notification Thread" daemon [_thread_blocked, id=20456, stack(0x0000009cf0200000,0x0000009cf0300000)]

Other Threads:
  0x00000238313cbc20 VMThread "VM Thread" [stack: 0x0000009cef700000,0x0000009cef800000] [id=16784]
  0x0000023831e28e50 WatcherThread [stack: 0x0000009cf0300000,0x0000009cf0400000] [id=19480]
  0x000002380d86b0d0 GCTaskThread "GC Thread#0" [stack: 0x0000009cef200000,0x0000009cef300000] [id=20708]
  0x000002380d87c120 ConcurrentGCThread "G1 Main Marker" [stack: 0x0000009cef300000,0x0000009cef400000] [id=7656]
  0x000002380d87d580 ConcurrentGCThread "G1 Conc#0" [stack: 0x0000009cef400000,0x0000009cef500000] [id=5360]
  0x000002380d8dd7b0 ConcurrentGCThread "G1 Refine#0" [stack: 0x0000009cef500000,0x0000009cef600000] [id=15688]
  0x0000023831252580 ConcurrentGCThread "G1 Young RemSet Sampling" [stack: 0x0000009cef600000,0x0000009cef700000] [id=11772]

Threads with active compile tasks:

VM state: not at safepoint (normal execution)

VM Mutex/Monitor currently owned by a thread: None

Heap address: 0x0000000701000000, size: 4080 MB, Compressed Oops mode: Zero based, Oop shift amount: 3
CDS archive(s) mapped at: [0x0000000800000000-0x0000000800b50000-0x0000000800b50000), size 11862016, SharedBaseAddress: 0x0000000800000000, ArchiveRelocationMode: 0.
Compressed class space mapped at: 0x0000000800b50000-0x0000000840b50000, size: 1073741824
Narrow klass base: 0x0000000800000000, Narrow klass shift: 3, Narrow klass range: 0x100000000

GC Precious Log:
 CPUs: 12 total, 12 available
 Memory: 16314M
 Large Page Support: Disabled
 NUMA Support: Disabled
 Compressed Oops: Enabled (Zero based)
 Heap Region Size: 2M
 Heap Min Capacity: 8M
 Heap Initial Capacity: 256M
 Heap Max Capacity: 4080M
 Pre-touch: Disabled
 Parallel Workers: 10
 Concurrent Workers: 3
 Concurrent Refinement Workers: 10
 Periodic GC: Disabled

Heap:
 garbage-first heap   total 262144K, used 2048K [0x0000000701000000, 0x0000000800000000)
  region size 2048K, 2 young (4096K), 0 survivors (0K)
 Metaspace       used 1586K, capacity 5005K, committed 5120K, reserved 1056768K
  class space    used 139K, capacity 431K, committed 512K, reserved 1048576K

Heap Regions: E=young(eden), S=young(survivor), O=old, HS=humongous(starts), HC=humongous(continues), CS=collection set, F=free, OA=open archive, CA=closed archive, TAMS=top-at-mark-start (previous, next)
|   0|0x0000000701000000, 0x0000000701000000, 0x0000000701200000|  0%| F|  |TAMS 0x0000000701000000, 0x0000000701000000| Untracked 
|   1|0x0000000701200000, 0x0000000701200000, 0x0000000701400000|  0%| F|  |TAMS 0x0000000701200000, 0x0000000701200000| Untracked 
|   2|0x0000000701400000, 0x0000000701400000, 0x0000000701600000|  0%| F|  |TAMS 0x0000000701400000, 0x0000000701400000| Untracked 
|   3|0x0000000701600000, 0x0000000701600000, 0x0000000701800000|  0%| F|  |TAMS 0x0000000701600000, 0x0000000701600000| Untracked 
|   4|0x0000000701800000, 0x0000000701800000, 0x0000000701a00000|  0%| F|  |TAMS 0x0000000701800000, 0x0000000701800000| Untracked 
|   5|0x0000000701a00000, 0x0000000701a00000, 0x0000000701c00000|  0%| F|  |TAMS 0x0000000701a00000, 0x0000000701a00000| Untracked 
|   6|0x0000000701c00000, 0x0000000701c00000, 0x0000000701e00000|  0%| F|  |TAMS 0x0000000701c00000, 0x0000000701c00000| Untracked 
|   7|0x0000000701e00000, 0x0000000701e00000, 0x0000000702000000|  0%| F|  |TAMS 0x0000000701e00000, 0x0000000701e00000| Untracked 
|   8|0x0000000702000000, 0x0000000702000000, 0x0000000702200000|  0%| F|  |TAMS 0x0000000702000000, 0x0000000702000000| Untracked 
|   9|0x0000000702200000, 0x0000000702200000, 0x0000000702400000|  0%| F|  |TAMS 0x0000000702200000, 0x0000000702200000| Untracked 
|  10|0x0000000702400000, 0x0000000702400000, 0x0000000702600000|  0%| F|  |TAMS 0x0000000702400000, 0x0000000702400000| Untracked 
|  11|0x0000000702600000, 0x0000000702600000, 0x0000000702800000|  0%| F|  |TAMS 0x0000000702600000, 0x0000000702600000| Untracked 
|  12|0x0000000702800000, 0x0000000702800000, 0x0000000702a00000|  0%| F|  |TAMS 0x0000000702800000, 0x0000000702800000| Untracked 
|  13|0x0000000702a00000, 0x0000000702a00000, 0x0000000702c00000|  0%| F|  |TAMS 0x0000000702a00000, 0x0000000702a00000| Untracked 
|  14|0x0000000702c00000, 0x0000000702c00000, 0x0000000702e00000|  0%| F|  |TAMS 0x0000000702c00000, 0x0000000702c00000| Untracked 
|  15|0x0000000702e00000, 0x0000000702e00000, 0x0000000703000000|  0%| F|  |TAMS 0x0000000702e00000, 0x0000000702e00000| Untracked 
|  16|0x0000000703000000, 0x0000000703000000, 0x0000000703200000|  0%| F|  |TAMS 0x0000000703000000, 0x0000000703000000| Untracked 
|  17|0x0000000703200000, 0x0000000703200000, 0x0000000703400000|  0%| F|  |TAMS 0x0000000703200000, 0x0000000703200000| Untracked 
|  18|0x0000000703400000, 0x0000000703400000, 0x0000000703600000|  0%| F|  |TAMS 0x0000000703400000, 0x0000000703400000| Untracked 
|  19|0x0000000703600000, 0x0000000703600000, 0x0000000703800000|  0%| F|  |TAMS 0x0000000703600000, 0x0000000703600000| Untracked 
|  20|0x0000000703800000, 0x0000000703800000, 0x0000000703a00000|  0%| F|  |TAMS 0x0000000703800000, 0x0000000703800000| Untracked 
|  21|0x0000000703a00000, 0x0000000703a00000, 0x0000000703c00000|  0%| F|  |TAMS 0x0000000703a00000, 0x0000000703a00000| Untracked 
|  22|0x0000000703c00000, 0x0000000703c00000, 0x0000000703e00000|  0%| F|  |TAMS 0x0000000703c00000, 0x0000000703c00000| Untracked 
|  23|0x0000000703e00000, 0x0000000703e00000, 0x0000000704000000|  0%| F|  |TAMS 0x0000000703e00000, 0x0000000703e00000| Untracked 
|  24|0x0000000704000000, 0x0000000704000000, 0x0000000704200000|  0%| F|  |TAMS 0x0000000704000000, 0x0000000704000000| Untracked 
|  25|0x0000000704200000, 0x0000000704200000, 0x0000000704400000|  0%| F|  |TAMS 0x0000000704200000, 0x0000000704200000| Untracked 
|  26|0x0000000704400000, 0x0000000704400000, 0x0000000704600000|  0%| F|  |TAMS 0x0000000704400000, 0x0000000704400000| Untracked 
|  27|0x0000000704600000, 0x0000000704600000, 0x0000000704800000|  0%| F|  |TAMS 0x0000000704600000, 0x0000000704600000| Untracked 
|  28|0x0000000704800000, 0x0000000704800000, 0x0000000704a00000|  0%| F|  |TAMS 0x0000000704800000, 0x0000000704800000| Untracked 
|  29|0x0000000704a00000, 0x0000000704a00000, 0x0000000704c00000|  0%| F|  |TAMS 0x0000000704a00000, 0x0000000704a00000| Untracked 
|  30|0x0000000704c00000, 0x0000000704c00000, 0x0000000704e00000|  0%| F|  |TAMS 0x0000000704c00000, 0x0000000704c00000| Untracked 
|  31|0x0000000704e00000, 0x0000000704e00000, 0x0000000705000000|  0%| F|  |TAMS 0x0000000704e00000, 0x0000000704e00000| Untracked 
|  32|0x0000000705000000, 0x0000000705000000, 0x0000000705200000|  0%| F|  |TAMS 0x0000000705000000, 0x0000000705000000| Untracked 
|  33|0x0000000705200000, 0x0000000705200000, 0x0000000705400000|  0%| F|  |TAMS 0x0000000705200000, 0x0000000705200000| Untracked 
|  34|0x0000000705400000, 0x0000000705400000, 0x0000000705600000|  0%| F|  |TAMS 0x0000000705400000, 0x0000000705400000| Untracked 
|  35|0x0000000705600000, 0x0000000705600000, 0x0000000705800000|  0%| F|  |TAMS 0x0000000705600000, 0x0000000705600000| Untracked 
|  36|0x0000000705800000, 0x0000000705800000, 0x0000000705a00000|  0%| F|  |TAMS 0x0000000705800000, 0x0000000705800000| Untracked 
|  37|0x0000000705a00000, 0x0000000705a00000, 0x0000000705c00000|  0%| F|  |TAMS 0x0000000705a00000, 0x0000000705a00000| Untracked 
|  38|0x0000000705c00000, 0x0000000705c00000, 0x0000000705e00000|  0%| F|  |TAMS 0x0000000705c00000, 0x0000000705c00000| Untracked 
|  39|0x0000000705e00000, 0x0000000705e00000, 0x0000000706000000|  0%| F|  |TAMS 0x0000000705e00000, 0x0000000705e00000| Untracked 
|  40|0x0000000706000000, 0x0000000706000000, 0x0000000706200000|  0%| F|  |TAMS 0x0000000706000000, 0x0000000706000000| Untracked 
|  41|0x0000000706200000, 0x0000000706200000, 0x0000000706400000|  0%| F|  |TAMS 0x0000000706200000, 0x0000000706200000| Untracked 
|  42|0x0000000706400000, 0x0000000706400000, 0x0000000706600000|  0%| F|  |TAMS 0x0000000706400000, 0x0000000706400000| Untracked 
|  43|0x0000000706600000, 0x0000000706600000, 0x0000000706800000|  0%| F|  |TAMS 0x0000000706600000, 0x0000000706600000| Untracked 
|  44|0x0000000706800000, 0x0000000706800000, 0x0000000706a00000|  0%| F|  |TAMS 0x0000000706800000, 0x0000000706800000| Untracked 
|  45|0x0000000706a00000, 0x0000000706a00000, 0x0000000706c00000|  0%| F|  |TAMS 0x0000000706a00000, 0x0000000706a00000| Untracked 
|  46|0x0000000706c00000, 0x0000000706c00000, 0x0000000706e00000|  0%| F|  |TAMS 0x0000000706c00000, 0x0000000706c00000| Untracked 
|  47|0x0000000706e00000, 0x0000000706e00000, 0x0000000707000000|  0%| F|  |TAMS 0x0000000706e00000, 0x0000000706e00000| Untracked 
|  48|0x0000000707000000, 0x0000000707000000, 0x0000000707200000|  0%| F|  |TAMS 0x0000000707000000, 0x0000000707000000| Untracked 
|  49|0x0000000707200000, 0x0000000707200000, 0x0000000707400000|  0%| F|  |TAMS 0x0000000707200000, 0x0000000707200000| Untracked 
|  50|0x0000000707400000, 0x0000000707400000, 0x0000000707600000|  0%| F|  |TAMS 0x0000000707400000, 0x0000000707400000| Untracked 
|  51|0x0000000707600000, 0x0000000707600000, 0x0000000707800000|  0%| F|  |TAMS 0x0000000707600000, 0x0000000707600000| Untracked 
|  52|0x0000000707800000, 0x0000000707800000, 0x0000000707a00000|  0%| F|  |TAMS 0x0000000707800000, 0x0000000707800000| Untracked 
|  53|0x0000000707a00000, 0x0000000707a00000, 0x0000000707c00000|  0%| F|  |TAMS 0x0000000707a00000, 0x0000000707a00000| Untracked 
|  54|0x0000000707c00000, 0x0000000707c00000, 0x0000000707e00000|  0%| F|  |TAMS 0x0000000707c00000, 0x0000000707c00000| Untracked 
|  55|0x0000000707e00000, 0x0000000707e00000, 0x0000000708000000|  0%| F|  |TAMS 0x0000000707e00000, 0x0000000707e00000| Untracked 
|  56|0x0000000708000000, 0x0000000708000000, 0x0000000708200000|  0%| F|  |TAMS 0x0000000708000000, 0x0000000708000000| Untracked 
|  57|0x0000000708200000, 0x0000000708200000, 0x0000000708400000|  0%| F|  |TAMS 0x0000000708200000, 0x0000000708200000| Untracked 
|  58|0x0000000708400000, 0x0000000708400000, 0x0000000708600000|  0%| F|  |TAMS 0x0000000708400000, 0x0000000708400000| Untracked 
|  59|0x0000000708600000, 0x0000000708600000, 0x0000000708800000|  0%| F|  |TAMS 0x0000000708600000, 0x0000000708600000| Untracked 
|  60|0x0000000708800000, 0x0000000708800000, 0x0000000708a00000|  0%| F|  |TAMS 0x0000000708800000, 0x0000000708800000| Untracked 
|  61|0x0000000708a00000, 0x0000000708a00000, 0x0000000708c00000|  0%| F|  |TAMS 0x0000000708a00000, 0x0000000708a00000| Untracked 
|  62|0x0000000708c00000, 0x0000000708c00000, 0x0000000708e00000|  0%| F|  |TAMS 0x0000000708c00000, 0x0000000708c00000| Untracked 
|  63|0x0000000708e00000, 0x0000000708e00000, 0x0000000709000000|  0%| F|  |TAMS 0x0000000708e00000, 0x0000000708e00000| Untracked 
|  64|0x0000000709000000, 0x0000000709000000, 0x0000000709200000|  0%| F|  |TAMS 0x0000000709000000, 0x0000000709000000| Untracked 
|  65|0x0000000709200000, 0x0000000709200000, 0x0000000709400000|  0%| F|  |TAMS 0x0000000709200000, 0x0000000709200000| Untracked 
|  66|0x0000000709400000, 0x0000000709400000, 0x0000000709600000|  0%| F|  |TAMS 0x0000000709400000, 0x0000000709400000| Untracked 
|  67|0x0000000709600000, 0x0000000709600000, 0x0000000709800000|  0%| F|  |TAMS 0x0000000709600000, 0x0000000709600000| Untracked 
|  68|0x0000000709800000, 0x0000000709800000, 0x0000000709a00000|  0%| F|  |TAMS 0x0000000709800000, 0x0000000709800000| Untracked 
|  69|0x0000000709a00000, 0x0000000709a00000, 0x0000000709c00000|  0%| F|  |TAMS 0x0000000709a00000, 0x0000000709a00000| Untracked 
|  70|0x0000000709c00000, 0x0000000709c00000, 0x0000000709e00000|  0%| F|  |TAMS 0x0000000709c00000, 0x0000000709c00000| Untracked 
|  71|0x0000000709e00000, 0x0000000709e00000, 0x000000070a000000|  0%| F|  |TAMS 0x0000000709e00000, 0x0000000709e00000| Untracked 
|  72|0x000000070a000000, 0x000000070a000000, 0x000000070a200000|  0%| F|  |TAMS 0x000000070a000000, 0x000000070a000000| Untracked 
|  73|0x000000070a200000, 0x000000070a200000, 0x000000070a400000|  0%| F|  |TAMS 0x000000070a200000, 0x000000070a200000| Untracked 
|  74|0x000000070a400000, 0x000000070a400000, 0x000000070a600000|  0%| F|  |TAMS 0x000000070a400000, 0x000000070a400000| Untracked 
|  75|0x000000070a600000, 0x000000070a600000, 0x000000070a800000|  0%| F|  |TAMS 0x000000070a600000, 0x000000070a600000| Untracked 
|  76|0x000000070a800000, 0x000000070a800000, 0x000000070aa00000|  0%| F|  |TAMS 0x000000070a800000, 0x000000070a800000| Untracked 
|  77|0x000000070aa00000, 0x000000070aa00000, 0x000000070ac00000|  0%| F|  |TAMS 0x000000070aa00000, 0x000000070aa00000| Untracked 
|  78|0x000000070ac00000, 0x000000070ac00000, 0x000000070ae00000|  0%| F|  |TAMS 0x000000070ac00000, 0x000000070ac00000| Untracked 
|  79|0x000000070ae00000, 0x000000070ae00000, 0x000000070b000000|  0%| F|  |TAMS 0x000000070ae00000, 0x000000070ae00000| Untracked 
|  80|0x000000070b000000, 0x000000070b000000, 0x000000070b200000|  0%| F|  |TAMS 0x000000070b000000, 0x000000070b000000| Untracked 
|  81|0x000000070b200000, 0x000000070b200000, 0x000000070b400000|  0%| F|  |TAMS 0x000000070b200000, 0x000000070b200000| Untracked 
|  82|0x000000070b400000, 0x000000070b400000, 0x000000070b600000|  0%| F|  |TAMS 0x000000070b400000, 0x000000070b400000| Untracked 
|  83|0x000000070b600000, 0x000000070b600000, 0x000000070b800000|  0%| F|  |TAMS 0x000000070b600000, 0x000000070b600000| Untracked 
|  84|0x000000070b800000, 0x000000070b800000, 0x000000070ba00000|  0%| F|  |TAMS 0x000000070b800000, 0x000000070b800000| Untracked 
|  85|0x000000070ba00000, 0x000000070ba00000, 0x000000070bc00000|  0%| F|  |TAMS 0x000000070ba00000, 0x000000070ba00000| Untracked 
|  86|0x000000070bc00000, 0x000000070bc00000, 0x000000070be00000|  0%| F|  |TAMS 0x000000070bc00000, 0x000000070bc00000| Untracked 
|  87|0x000000070be00000, 0x000000070be00000, 0x000000070c000000|  0%| F|  |TAMS 0x000000070be00000, 0x000000070be00000| Untracked 
|  88|0x000000070c000000, 0x000000070c000000, 0x000000070c200000|  0%| F|  |TAMS 0x000000070c000000, 0x000000070c000000| Untracked 
|  89|0x000000070c200000, 0x000000070c200000, 0x000000070c400000|  0%| F|  |TAMS 0x000000070c200000, 0x000000070c200000| Untracked 
|  90|0x000000070c400000, 0x000000070c400000, 0x000000070c600000|  0%| F|  |TAMS 0x000000070c400000, 0x000000070c400000| Untracked 
|  91|0x000000070c600000, 0x000000070c600000, 0x000000070c800000|  0%| F|  |TAMS 0x000000070c600000, 0x000000070c600000| Untracked 
|  92|0x000000070c800000, 0x000000070c800000, 0x000000070ca00000|  0%| F|  |TAMS 0x000000070c800000, 0x000000070c800000| Untracked 
|  93|0x000000070ca00000, 0x000000070ca00000, 0x000000070cc00000|  0%| F|  |TAMS 0x000000070ca00000, 0x000000070ca00000| Untracked 
|  94|0x000000070cc00000, 0x000000070cc00000, 0x000000070ce00000|  0%| F|  |TAMS 0x000000070cc00000, 0x000000070cc00000| Untracked 
|  95|0x000000070ce00000, 0x000000070ce00000, 0x000000070d000000|  0%| F|  |TAMS 0x000000070ce00000, 0x000000070ce00000| Untracked 
|  96|0x000000070d000000, 0x000000070d000000, 0x000000070d200000|  0%| F|  |TAMS 0x000000070d000000, 0x000000070d000000| Untracked 
|  97|0x000000070d200000, 0x000000070d200000, 0x000000070d400000|  0%| F|  |TAMS 0x000000070d200000, 0x000000070d200000| Untracked 
|  98|0x000000070d400000, 0x000000070d400000, 0x000000070d600000|  0%| F|  |TAMS 0x000000070d400000, 0x000000070d400000| Untracked 
|  99|0x000000070d600000, 0x000000070d600000, 0x000000070d800000|  0%| F|  |TAMS 0x000000070d600000, 0x000000070d600000| Untracked 
| 100|0x000000070d800000, 0x000000070d800000, 0x000000070da00000|  0%| F|  |TAMS 0x000000070d800000, 0x000000070d800000| Untracked 
| 101|0x000000070da00000, 0x000000070da00000, 0x000000070dc00000|  0%| F|  |TAMS 0x000000070da00000, 0x000000070da00000| Untracked 
| 102|0x000000070dc00000, 0x000000070dc00000, 0x000000070de00000|  0%| F|  |TAMS 0x000000070dc00000, 0x000000070dc00000| Untracked 
| 103|0x000000070de00000, 0x000000070de00000, 0x000000070e000000|  0%| F|  |TAMS 0x000000070de00000, 0x000000070de00000| Untracked 
| 104|0x000000070e000000, 0x000000070e000000, 0x000000070e200000|  0%| F|  |TAMS 0x000000070e000000, 0x000000070e000000| Untracked 
| 105|0x000000070e200000, 0x000000070e200000, 0x000000070e400000|  0%| F|  |TAMS 0x000000070e200000, 0x000000070e200000| Untracked 
| 106|0x000000070e400000, 0x000000070e400000, 0x000000070e600000|  0%| F|  |TAMS 0x000000070e400000, 0x000000070e400000| Untracked 
| 107|0x000000070e600000, 0x000000070e600000, 0x000000070e800000|  0%| F|  |TAMS 0x000000070e600000, 0x000000070e600000| Untracked 
| 108|0x000000070e800000, 0x000000070e800000, 0x000000070ea00000|  0%| F|  |TAMS 0x000000070e800000, 0x000000070e800000| Untracked 
| 109|0x000000070ea00000, 0x000000070ea00000, 0x000000070ec00000|  0%| F|  |TAMS 0x000000070ea00000, 0x000000070ea00000| Untracked 
| 110|0x000000070ec00000, 0x000000070ec00000, 0x000000070ee00000|  0%| F|  |TAMS 0x000000070ec00000, 0x000000070ec00000| Untracked 
| 111|0x000000070ee00000, 0x000000070ee00000, 0x000000070f000000|  0%| F|  |TAMS 0x000000070ee00000, 0x000000070ee00000| Untracked 
| 112|0x000000070f000000, 0x000000070f000000, 0x000000070f200000|  0%| F|  |TAMS 0x000000070f000000, 0x000000070f000000| Untracked 
| 113|0x000000070f200000, 0x000000070f200000, 0x000000070f400000|  0%| F|  |TAMS 0x000000070f200000, 0x000000070f200000| Untracked 
| 114|0x000000070f400000, 0x000000070f400000, 0x000000070f600000|  0%| F|  |TAMS 0x000000070f400000, 0x000000070f400000| Untracked 
| 115|0x000000070f600000, 0x000000070f600000, 0x000000070f800000|  0%| F|  |TAMS 0x000000070f600000, 0x000000070f600000| Untracked 
| 116|0x000000070f800000, 0x000000070f800000, 0x000000070fa00000|  0%| F|  |TAMS 0x000000070f800000, 0x000000070f800000| Untracked 
| 117|0x000000070fa00000, 0x000000070fa00000, 0x000000070fc00000|  0%| F|  |TAMS 0x000000070fa00000, 0x000000070fa00000| Untracked 
| 118|0x000000070fc00000, 0x000000070fc00000, 0x000000070fe00000|  0%| F|  |TAMS 0x000000070fc00000, 0x000000070fc00000| Untracked 
| 119|0x000000070fe00000, 0x000000070fe00000, 0x0000000710000000|  0%| F|  |TAMS 0x000000070fe00000, 0x000000070fe00000| Untracked 
| 120|0x0000000710000000, 0x0000000710000000, 0x0000000710200000|  0%| F|  |TAMS 0x0000000710000000, 0x0000000710000000| Untracked 
| 121|0x0000000710200000, 0x0000000710200000, 0x0000000710400000|  0%| F|  |TAMS 0x0000000710200000, 0x0000000710200000| Untracked 
| 122|0x0000000710400000, 0x0000000710400000, 0x0000000710600000|  0%| F|  |TAMS 0x0000000710400000, 0x0000000710400000| Untracked 
| 123|0x0000000710600000, 0x0000000710600000, 0x0000000710800000|  0%| F|  |TAMS 0x0000000710600000, 0x0000000710600000| Untracked 
| 124|0x0000000710800000, 0x0000000710800000, 0x0000000710a00000|  0%| F|  |TAMS 0x0000000710800000, 0x0000000710800000| Untracked 
| 125|0x0000000710a00000, 0x0000000710a00000, 0x0000000710c00000|  0%| F|  |TAMS 0x0000000710a00000, 0x0000000710a00000| Untracked 
| 126|0x0000000710c00000, 0x0000000710dd54e0, 0x0000000710e00000| 91%| E|  |TAMS 0x0000000710c00000, 0x0000000710c00000| Complete 
| 127|0x0000000710e00000, 0x0000000711000000, 0x0000000711000000|100%| E|CS|TAMS 0x0000000710e00000, 0x0000000710e00000| Complete 

Card table byte_map: [0x00000238257a0000,0x0000023825fa0000] _byte_map_base: 0x0000023821f98000

Marking Bits (Prev, Next): (CMBitMap*) 0x000002380d86b8c0, (CMBitMap*) 0x000002380d86b900
 Prev Bits: [0x00000238267a0000, 0x000002382a760000)
 Next Bits: [0x000002382a760000, 0x000002382e720000)

Polling page: 0x000002380b7b0000

Metaspace:

Usage:
  Non-class:      4.47 MB capacity,     1.41 MB ( 32%) used,     3.05 MB ( 68%) free+waste,     1.62 KB ( <1%) overhead. 
      Class:    431.00 KB capacity,   139.45 KB ( 32%) used,   290.74 KB ( 67%) free+waste,   832 bytes ( <1%) overhead. 
       Both:      4.89 MB capacity,     1.55 MB ( 32%) used,     3.34 MB ( 68%) free+waste,     2.44 KB ( <1%) overhead. 

Virtual space:
  Non-class space:        8.00 MB reserved,       4.50 MB ( 56%) committed 
      Class space:        1.00 GB reserved,     512.00 KB ( <1%) committed 
             Both:        1.01 GB reserved,       5.00 MB ( <1%) committed 

Chunk freelists:
   Non-Class:  34.00 KB
       Class:  17.00 KB
        Both:  51.00 KB

MaxMetaspaceSize: 17179869184.00 GB
CompressedClassSpaceSize: 1.00 GB

CodeHeap 'non-profiled nmethods': size=120000Kb used=96Kb max_used=96Kb free=119903Kb
 bounds [0x000002381d510000, 0x000002381d780000, 0x0000023824a40000]
CodeHeap 'profiled nmethods': size=120000Kb used=383Kb max_used=383Kb free=119616Kb
 bounds [0x0000023815fe0000, 0x0000023816250000, 0x000002381d510000]
CodeHeap 'non-nmethods': size=5760Kb used=1222Kb max_used=1222Kb free=4537Kb
 bounds [0x0000023815a40000, 0x0000023815cb0000, 0x0000023815fe0000]
 total_blobs=797 nmethods=312 adapters=398
 compilation: enabled
              stopped_count=0, restarted_count=0
 full_count=0

Compilation events (20 events):
Event: 0.166 Thread 0x0000023831bf4ec0  303       3       java.io.WinNTFileSystem::normalize (143 bytes)
Event: 0.167 Thread 0x0000023831bf4ec0 nmethod 303 0x0000023816039c10 code [0x0000023816039e80, 0x000002381603a9d8]
Event: 0.167 Thread 0x0000023831bf4ec0  304       3       sun.invoke.util.VerifyAccess::isTypeVisible (118 bytes)
Event: 0.168 Thread 0x0000023831bf4ec0 nmethod 304 0x000002381603ae90 code [0x000002381603b2a0, 0x000002381603d298]
Event: 0.168 Thread 0x0000023831bf4ec0  307       1       sun.invoke.util.Wrapper::basicTypeChar (5 bytes)
Event: 0.168 Thread 0x0000023831bf4ec0 nmethod 307 0x000002381d527a10 code [0x000002381d527ba0, 0x000002381d527c58]
Event: 0.168 Thread 0x0000023831bf4ec0  306       1       java.lang.invoke.MethodTypeForm::erasedType (5 bytes)
Event: 0.168 Thread 0x0000023831bf4ec0 nmethod 306 0x000002381d527d10 code [0x000002381d527ea0, 0x000002381d527f58]
Event: 0.168 Thread 0x0000023831bf4ec0  308       3       jdk.internal.util.ArraysSupport::newLength (23 bytes)
Event: 0.169 Thread 0x0000023831bf4ec0 nmethod 308 0x000002381603dc10 code [0x000002381603dde0, 0x000002381603e188]
Event: 0.169 Thread 0x0000023831bf4ec0  309       3       java.nio.Buffer::limit (65 bytes)
Event: 0.169 Thread 0x0000023831bf4ec0 nmethod 309 0x000002381603e310 code [0x000002381603e4c0, 0x000002381603e768]
Event: 0.316 Thread 0x0000023831bf4ec0  310       3       java.util.ArrayList::add (25 bytes)
Event: 0.316 Thread 0x0000023831bf4ec0 nmethod 310 0x000002381603e810 code [0x000002381603e9e0, 0x000002381603ee28]
Event: 0.316 Thread 0x0000023831bf4ec0  311       3       java.util.ArrayList::add (23 bytes)
Event: 0.317 Thread 0x0000023831bf4ec0 nmethod 311 0x000002381603f010 code [0x000002381603f1e0, 0x000002381603f5a8]
Event: 0.319 Thread 0x0000023831bf4ec0  312       1       java.net.URL::getUserInfo (5 bytes)
Event: 0.319 Thread 0x0000023831bf4ec0 nmethod 312 0x000002381d528010 code [0x000002381d5281a0, 0x000002381d528258]
Event: 0.319 Thread 0x0000023831bf4ec0  313       3       java.lang.StringConcatHelper::prepend (37 bytes)
Event: 0.320 Thread 0x0000023831bf4ec0 nmethod 313 0x000002381603f710 code [0x000002381603f8e0, 0x000002381603fb98]

GC Heap History (0 events):
No events

Deoptimization events (4 events):
Event: 0.086 Thread 0x000002380d818410 Uncommon trap: trap_request=0xffffff45 fr.pc=0x000002381d51e1a8 relative=0x0000000000000088
Event: 0.086 Thread 0x000002380d818410 Uncommon trap: reason=unstable_if action=reinterpret pc=0x000002381d51e1a8 method=java.lang.String.charAt(I)C @ 4 c2
Event: 0.086 Thread 0x000002380d818410 DEOPT PACKING pc=0x000002381d51e1a8 sp=0x0000009cef1fef40
Event: 0.086 Thread 0x000002380d818410 DEOPT UNPACKING pc=0x0000023815a8e42f sp=0x0000009cef1feee0 mode 2

Classes unloaded (0 events):
No events

Classes redefined (0 events):
No events

Internal exceptions (5 events):
Event: 0.087 Thread 0x0000023831e27ec0 Exception <a 'java/lang/NoSuchMethodError'{0x0000000710c08970}: 'java.lang.Object java.lang.invoke.DirectMethodHandle$Holder.invokeStatic(java.lang.Object)'> (0x0000000710c08970) 
thrown [./open/src/hotspot/share/interpreter/linkResolver.cpp, line 782]
Event: 0.087 Thread 0x0000023831e27ec0 Exception <a 'java/lang/NoSuchMethodError'{0x0000000710c0c280}: 'java.lang.Object java.lang.invoke.DirectMethodHandle$Holder.invokeStaticInit(java.lang.Object)'> (0x0000000710c0c280) 
thrown [./open/src/hotspot/share/interpreter/linkResolver.cpp, line 782]
Event: 0.091 Thread 0x0000023831e27ec0 Exception <a 'java/lang/NoSuchMethodError'{0x0000000710c196b8}: 'void java.lang.invoke.DirectMethodHandle$Holder.invokeStatic(java.lang.Object, java.lang.Object)'> (0x0000000710c196b8) 
thrown [./open/src/hotspot/share/interpreter/linkResolver.cpp, line 782]
Event: 0.103 Thread 0x000002380d818410 Exception <a 'java/lang/NoSuchMethodError'{0x0000000710cddea8}: 'void java.lang.invoke.DirectMethodHandle$Holder.invokeSpecial(java.lang.Object, java.lang.Object, java.lang.Object)'> (0x0000000710cddea8) 
thrown [./open/src/hotspot/share/interpreter/linkResolver.cpp, line 782]
Event: 0.167 Thread 0x000002380d818410 Exception <a 'java/lang/NoSuchMethodError'{0x0000000710d538d0}: 'java.lang.Object java.lang.invoke.DirectMethodHandle$Holder.invokeStaticInit(java.lang.Object, int)'> (0x0000000710d538d0) 
thrown [./open/src/hotspot/share/interpreter/linkResolver.cpp, line 782]

Events (20 events):
Event: 0.118 loading class java/util/AbstractQueue done
Event: 0.118 loading class java/util/concurrent/SynchronousQueue done
Event: 0.118 loading class java/util/concurrent/SynchronousQueue$TransferStack
Event: 0.118 loading class java/util/concurrent/SynchronousQueue$Transferer
Event: 0.118 loading class java/util/concurrent/SynchronousQueue$Transferer done
Event: 0.118 loading class java/util/concurrent/SynchronousQueue$TransferStack done
Event: 0.118 loading class java/util/concurrent/SynchronousQueue$TransferStack$SNode
Event: 0.118 loading class java/util/concurrent/SynchronousQueue$TransferStack$SNode done
Event: 0.118 loading class java/util/concurrent/locks/AbstractQueuedSynchronizer$ConditionObject
Event: 0.118 loading class java/util/concurrent/locks/Condition
Event: 0.118 loading class java/util/concurrent/locks/Condition done
Event: 0.118 loading class java/util/concurrent/locks/AbstractQueuedSynchronizer$ConditionObject done
Event: 0.165 Loaded shared library C:\Users\Alex Andreba\AppData\Local\Temp\JOCLBlast_1_5_2-windows-x86_64_dependents\windows\x86_64\clblast.dll
Event: 0.166 Loaded shared library C:\Users\Alex Andreba\AppData\Local\Temp\JOCLBlast_1_5_2-windows-x86_64.dll
Event: 0.166 loading class java/nio/HeapLongBuffer
Event: 0.166 loading class java/nio/HeapLongBuffer done
Event: 0.167 loading class java/nio/HeapIntBuffer
Event: 0.167 loading class java/nio/HeapIntBuffer done
Event: 0.320 loading class java/nio/HeapDoubleBuffer
Event: 0.320 loading class java/nio/HeapDoubleBuffer done


Dynamic libraries:
0x00007ff68deb0000 - 0x00007ff68debd000 	C:\Users\Alex Andreba\.jdks\openjdk-15.0.1\bin\java.exe
0x00007ff8c5e70000 - 0x00007ff8c6065000 	C:\WINDOWS\SYSTEM32\ntdll.dll
0x00007ff8b6630000 - 0x00007ff8b6643000 	C:\Program Files\Avast Software\Avast\aswhook.dll
0x00007ff8c5510000 - 0x00007ff8c55cd000 	C:\WINDOWS\System32\KERNEL32.DLL
0x00007ff8c3910000 - 0x00007ff8c3bd8000 	C:\WINDOWS\System32\KERNELBASE.dll
0x00007ff8c36c0000 - 0x00007ff8c37c0000 	C:\WINDOWS\System32\ucrtbase.dll
0x00007ff8be8d0000 - 0x00007ff8be8e8000 	C:\Users\Alex Andreba\.jdks\openjdk-15.0.1\bin\jli.dll
0x00007ff8be120000 - 0x00007ff8be139000 	C:\Users\Alex Andreba\.jdks\openjdk-15.0.1\bin\VCRUNTIME140.dll
0x00007ff8c4430000 - 0x00007ff8c45d0000 	C:\WINDOWS\System32\USER32.dll
0x00007ff8c3840000 - 0x00007ff8c3862000 	C:\WINDOWS\System32\win32u.dll
0x00007ff8a7ed0000 - 0x00007ff8a816a000 	C:\WINDOWS\WinSxS\amd64_microsoft.windows.common-controls_6595b64144ccf1df_6.0.19041.844_none_ca00b6081b84eb1d\COMCTL32.dll
0x00007ff8c5430000 - 0x00007ff8c545a000 	C:\WINDOWS\System32\GDI32.dll
0x00007ff8c45e0000 - 0x00007ff8c467e000 	C:\WINDOWS\System32\msvcrt.dll
0x00007ff8c35b0000 - 0x00007ff8c36bb000 	C:\WINDOWS\System32\gdi32full.dll
0x00007ff8c3870000 - 0x00007ff8c390d000 	C:\WINDOWS\System32\msvcp_win.dll
0x00007ff8c52d0000 - 0x00007ff8c5300000 	C:\WINDOWS\System32\IMM32.DLL
0x00007ff8bf190000 - 0x00007ff8bf19c000 	C:\Users\Alex Andreba\.jdks\openjdk-15.0.1\bin\vcruntime140_1.dll
0x00007ff8a6ab0000 - 0x00007ff8a6b41000 	C:\Users\Alex Andreba\.jdks\openjdk-15.0.1\bin\msvcp140.dll
0x00007ff85bf50000 - 0x00007ff85caae000 	C:\Users\Alex Andreba\.jdks\openjdk-15.0.1\bin\server\jvm.dll
0x00007ff8c5460000 - 0x00007ff8c550c000 	C:\WINDOWS\System32\ADVAPI32.dll
0x00007ff8c5310000 - 0x00007ff8c53ab000 	C:\WINDOWS\System32\sechost.dll
0x00007ff8c55d0000 - 0x00007ff8c56fb000 	C:\WINDOWS\System32\RPCRT4.dll
0x00007ff8c5300000 - 0x00007ff8c5308000 	C:\WINDOWS\System32\PSAPI.DLL
0x00007ff8b64c0000 - 0x00007ff8b64c9000 	C:\WINDOWS\SYSTEM32\WSOCK32.dll
0x00007ff8b6910000 - 0x00007ff8b6937000 	C:\WINDOWS\SYSTEM32\WINMM.dll
0x00007ff8baef0000 - 0x00007ff8baefa000 	C:\WINDOWS\SYSTEM32\VERSION.dll
0x00007ff8c4f60000 - 0x00007ff8c4fcb000 	C:\WINDOWS\System32\WS2_32.dll
0x00007ff8c14d0000 - 0x00007ff8c14e2000 	C:\WINDOWS\SYSTEM32\kernel.appcore.dll
0x00007ff8be160000 - 0x00007ff8be16a000 	C:\Users\Alex Andreba\.jdks\openjdk-15.0.1\bin\jimage.dll
0x00007ff8b7420000 - 0x00007ff8b7604000 	C:\WINDOWS\SYSTEM32\DBGHELP.DLL
0x00007ff8b71e0000 - 0x00007ff8b720c000 	C:\WINDOWS\SYSTEM32\dbgcore.DLL
0x00007ff8c37c0000 - 0x00007ff8c3840000 	C:\WINDOWS\System32\bcryptPrimitives.dll
0x00007ff8be190000 - 0x00007ff8be19e000 	C:\Users\Alex Andreba\.jdks\openjdk-15.0.1\bin\instrument.dll
0x00007ff8be0b0000 - 0x00007ff8be0d5000 	C:\Users\Alex Andreba\.jdks\openjdk-15.0.1\bin\java.dll
0x00007ff8c47f0000 - 0x00007ff8c4f32000 	C:\WINDOWS\System32\SHELL32.dll
0x00007ff8c16d0000 - 0x00007ff8c1e61000 	C:\WINDOWS\SYSTEM32\windows.storage.dll
0x00007ff8c5700000 - 0x00007ff8c5a55000 	C:\WINDOWS\System32\combase.dll
0x00007ff8c2f50000 - 0x00007ff8c2f7c000 	C:\WINDOWS\SYSTEM32\Wldp.dll
0x00007ff8c4740000 - 0x00007ff8c47ee000 	C:\WINDOWS\System32\SHCORE.dll
0x00007ff8c46e0000 - 0x00007ff8c4735000 	C:\WINDOWS\System32\shlwapi.dll
0x00007ff8c34f0000 - 0x00007ff8c350f000 	C:\WINDOWS\SYSTEM32\profapi.dll
0x00007ff8be030000 - 0x00007ff8be048000 	C:\Users\Alex Andreba\.jdks\openjdk-15.0.1\bin\zip.dll
0x00007ff8be090000 - 0x00007ff8be0a9000 	C:\Users\Alex Andreba\.jdks\openjdk-15.0.1\bin\net.dll
0x00007ff8bbb40000 - 0x00007ff8bbc4b000 	C:\WINDOWS\SYSTEM32\WINHTTP.dll
0x00007ff8c2d30000 - 0x00007ff8c2d9a000 	C:\WINDOWS\system32\mswsock.dll
0x00007ff8be070000 - 0x00007ff8be082000 	C:\Users\Alex Andreba\.jdks\openjdk-15.0.1\bin\nio.dll
0x00007ff8be170000 - 0x00007ff8be18a000 	C:\Program Files\JetBrains\IntelliJ IDEA Community Edition 2020.2.3\bin\breakgen64.dll
0x00007ff8a4d00000 - 0x00007ff8a4d3d000 	C:\Users\Alex Andreba\AppData\Local\Temp\JOCL_2_0_0-windows-x86_64.dll
0x00007ff8c2eb0000 - 0x00007ff8c2ebc000 	C:\WINDOWS\SYSTEM32\CRYPTBASE.DLL
0x00007ff86ff60000 - 0x00007ff8700c5000 	C:\WINDOWS\SYSTEM32\OpenCL.dll
0x00007ff8c3da0000 - 0x00007ff8c3dee000 	C:\WINDOWS\System32\CFGMGR32.dll
0x00007ff8c5080000 - 0x00007ff8c51aa000 	C:\WINDOWS\System32\ole32.dll
0x00007ff8c4fd0000 - 0x00007ff8c5079000 	C:\WINDOWS\System32\clbcatq.dll
0x00007ff84b8e0000 - 0x00007ff84cad6000 	C:\WINDOWS\System32\DriverStore\FileRepository\nv_dispui.inf_amd64_a47441af4cc927c1\nvopencl64.dll
0x00007ff8c31a0000 - 0x00007ff8c31b2000 	C:\WINDOWS\SYSTEM32\msasn1.dll
0x00007ff8b9190000 - 0x00007ff8b91c1000 	C:\WINDOWS\SYSTEM32\cryptnet.dll
0x00007ff8c3be0000 - 0x00007ff8c3d3f000 	C:\WINDOWS\System32\CRYPT32.dll
0x00007ff8c1010000 - 0x00007ff8c10ae000 	C:\WINDOWS\system32\uxtheme.dll
0x00007ff8afc40000 - 0x00007ff8b0330000 	C:\WINDOWS\SYSTEM32\nvapi64.dll
0x00007ff8c3ed0000 - 0x00007ff8c4339000 	C:\WINDOWS\System32\SETUPAPI.DLL
0x00007ff8c3df0000 - 0x00007ff8c3e17000 	C:\WINDOWS\System32\bcrypt.dll
0x00007ff866140000 - 0x00007ff8664d1000 	C:\Users\Alex Andreba\AppData\Local\Temp\JOCLBlast_1_5_2-windows-x86_64_dependents\windows\x86_64\clblast.dll
0x00007ff8a4200000 - 0x00007ff8a4266000 	C:\Users\Alex Andreba\AppData\Local\Temp\JOCLBlast_1_5_2-windows-x86_64.dll

dbghelp: loaded successfully - version: 4.0.5 - missing functions: none
symbol engine: initialized successfully - sym options: 0x614 - pdb path: .;C:\Users\Alex Andreba\.jdks\openjdk-15.0.1\bin;C:\WINDOWS\SYSTEM32;C:\Program Files\Avast Software\Avast;C:\WINDOWS\WinSxS\amd64_microsoft.windows.common-controls_6595b64144ccf1df_6.0.19041.844_none_ca00b6081b84eb1d;C:\Users\Alex Andreba\.jdks\openjdk-15.0.1\bin\server;C:\Program Files\JetBrains\IntelliJ IDEA Community Edition 2020.2.3\bin;C:\Users\Alex Andreba\AppData\Local\Temp;C:\WINDOWS\System32\DriverStore\FileRepository\nv_dispui.inf_amd64_a47441af4cc927c1;C:\Users\Alex Andreba\AppData\Local\Temp\JOCLBlast_1_5_2-windows-x86_64_dependents\windows\x86_64

VM Arguments:
jvm_args: -Djava.library.path=C:\Users\Alex Andreba\IdeaProjects\JML\lib\Win;C:\Users\Alex Andreba\IdeaProjects\JML\lib\OSX -javaagent:C:\Program Files\JetBrains\IntelliJ IDEA Community Edition 2020.2.3\lib\idea_rt.jar=62670:C:\Program Files\JetBrains\IntelliJ IDEA Community Edition 2020.2.3\bin -Dfile.encoding=UTF-8 
java_command: Testing.OpenCL
java_class_path (initial): C:\Users\Alex Andreba\IdeaProjects\JML\out\production\JML;C:\Users\Alex Andreba\IdeaProjects\JML\lib\jocl-blast-1.5.2.jar;C:\Users\Alex Andreba\IdeaProjects\JML\lib\jocl-2.0.0.jar;C:\Users\Alex Andreba\IdeaProjects\JML\lib\jcublas-11.1.1.jar;C:\Users\Alex Andreba\IdeaProjects\JML\lib\jcuda-11.1.1.jar;C:\Users\Alex Andreba\IdeaProjects\JML\lib\jcuda-natives-11.1.1-windows-x86_64.jar;C:\Users\Alex Andreba\IdeaProjects\JML\lib\jcublas-natives-11.1.1-windows-x86_64.jar;C:\Users\Alex Andreba\IdeaProjects\JML\lib\jcublas-natives-11.1.1.jar
Launcher Type: SUN_STANDARD

[Global flags]
     intx CICompilerCount                          = 4                                         {product} {ergonomic}
     uint ConcGCThreads                            = 3                                         {product} {ergonomic}
     uint G1ConcRefinementThreads                  = 10                                        {product} {ergonomic}
   size_t G1HeapRegionSize                         = 2097152                                   {product} {ergonomic}
    uintx GCDrainStackTargetSize                   = 64                                        {product} {ergonomic}
   size_t InitialHeapSize                          = 268435456                                 {product} {ergonomic}
   size_t MarkStackSize                            = 4194304                                   {product} {ergonomic}
   size_t MaxHeapSize                              = 4278190080                                {product} {ergonomic}
   size_t MaxNewSize                               = 2566914048                                {product} {ergonomic}
   size_t MinHeapDeltaBytes                        = 2097152                                   {product} {ergonomic}
   size_t MinHeapSize                              = 8388608                                   {product} {ergonomic}
    uintx NonNMethodCodeHeapSize                   = 5839372                                {pd product} {ergonomic}
    uintx NonProfiledCodeHeapSize                  = 122909434                              {pd product} {ergonomic}
    uintx ProfiledCodeHeapSize                     = 122909434                              {pd product} {ergonomic}
    uintx ReservedCodeCacheSize                    = 251658240                              {pd product} {ergonomic}
     bool SegmentedCodeCache                       = true                                      {product} {ergonomic}
   size_t SoftMaxHeapSize                          = 4278190080                             {manageable} {ergonomic}
     bool UseCompressedClassPointers               = true                                 {lp64_product} {ergonomic}
     bool UseCompressedOops                        = true                                 {lp64_product} {ergonomic}
     bool UseG1GC                                  = true                                      {product} {ergonomic}
     bool UseLargePagesIndividualAllocation        = false                                  {pd product} {ergonomic}

Logging:
Log output configuration:
 #0: stdout all=warning uptime,level,tags
 #1: stderr all=off uptime,level,tags

Environment Variables:
PATH=C:\Program Files\NVIDIA GPU Computing Toolkit\CUDA\v11.2\bin;C:\Program Files\NVIDIA GPU Computing Toolkit\CUDA\v11.2\libnvvp;C:\Program Files\ImageMagick-7.0.10-Q16;C:\Program Files (x86)\Common Files\Oracle\Java\javapath;C:\ProgramData\Oracle\Java\javapath;C:\WINDOWS\system32;C:\WINDOWS;C:\WINDOWS\System32\Wbem;C:\WINDOWS\System32\WindowsPowerShell\v1.0\;C:\WINDOWS\System32\OpenSSH\;C:\Program Files\PuTTY\;C:\Program Files (x86)\NVIDIA Corporation\PhysX\Common;C:\Program Files\NVIDIA Corporation\NVIDIA NvDLISR;C:\Program Files\dotnet\;C:\Program Files\Git\cmd;C:\Program Files\NVIDIA Corporation\Nsight Compute 2020.3.1\;C:\WINDOWS\system32;C:\WINDOWS;C:\WINDOWS\System32\Wbem;C:\WINDOWS\System32\WindowsPowerShell\v1.0\;C:\WINDOWS\System32\OpenSSH\;C:\Program Files\Java\jre1.8.0_281\bin;C:\Program Files\mingw-w64\x86_64-8.1.0-win32-seh-rt_v6-rev0\mingw64\bin;C:\Users\Alex Andreba\AppData\Local\Programs\Python\Python38\Scripts\;C:\Users\Alex Andreba\AppData\Local\Programs\Python\Python38\;C:\Users\Alex Andreba\AppData\Local\Microsoft\WindowsApps;C:\Users\Alex Andreba\AppData\Local\atom\bin;C:\ProgramData\Alex Andreba\atom\bin;C:\Windows.old\Users\Alex Andreba\AppData\Local\atom\bin;C:\ffmpeg\bin;C:\Users\Alex Andreba\.dotnet\tools;C:\Users\Alex Andreba\AppData\Local\Programs\Microsoft VS Code\bin;C:\Program Files\JetBrains\IntelliJ IDEA Community Edition 2020.2.3\bin;;C:\Users\Alex Andreba\AppData\Local\Microsoft\WindowsApps;C:\Program Files\Java\jre1.8.0_281\bin\;
USERNAME=Alex Andreba
OS=Windows_NT
PROCESSOR_IDENTIFIER=Intel64 Family 6 Model 158 Stepping 10, GenuineIntel



---------------  S Y S T E M  ---------------

OS:
 Windows 10 , 64 bit Build 19041 (10.0.19041.928)
OS uptime: 11 days 4:29 hours
HyperV virtualization detected

CPU: total 12 (initial active 12) (6 cores per cpu, 2 threads per core) family 6 model 158 stepping 10 microcode 0xde, cmov, cx8, fxsr, mmx, sse, sse2, sse3, ssse3, sse4.1, sse4.2, popcnt, vzeroupper, avx, avx2, aes, clmul, erms, rtm, 3dnowpref, lzcnt, ht, tsc, tscinvbit, bmi1, bmi2, adx, fma, clflush, clflushopt

Memory: 4k page, system-wide physical 16314M (6585M free)
TotalPageFile size 27066M (AvailPageFile size 7354M)
current process WorkingSet (physical memory assigned to process): 116M, peak: 118M
current process commit charge ("private bytes"): 506M, peak: 506M

vm_info: OpenJDK 64-Bit Server VM (15.0.1+9-18) for windows-amd64 JRE (15.0.1+9-18), built on Sep 15 2020 14:39:31 by "mach5one" with unknown MS VC++:1925

END.
